Started GET "/" for ::1 at 2022-07-01 15:57:08 +0100
  [1m[35m (1.6ms)[0m  [1m[34mSELECT sqlite_version(*)[0m
Processing by Rails::WelcomeController#index as HTML
  Rendering /usr/local/lib/ruby/gems/3.1.0/gems/railties-7.0.3/lib/rails/templates/rails/welcome/index.html.erb
  Rendered /usr/local/lib/ruby/gems/3.1.0/gems/railties-7.0.3/lib/rails/templates/rails/welcome/index.html.erb (Duration: 2.0ms | Allocations: 644)
Completed 200 OK in 18ms (Views: 7.2ms | ActiveRecord: 0.0ms | Allocations: 5021)


Started GET "/" for ::1 at 2022-07-01 16:15:37 +0100
Processing by ApplicationController#hello as HTML
  Rendering html template
  Rendered html template (Duration: 0.0ms | Allocations: 16)
Completed 200 OK in 2ms (Views: 1.6ms | Allocations: 809)


Started GET "/" for ::1 at 2022-07-01 16:16:29 +0100
Processing by ApplicationController#hello as HTML
  Rendering html template
  Rendered html template (Duration: 0.0ms | Allocations: 10)
Completed 200 OK in 1ms (Views: 0.8ms | Allocations: 550)


Started GET "/" for ::1 at 2022-07-01 16:19:12 +0100
Processing by ApplicationController#goodbye as HTML
  Rendering html template
  Rendered html template (Duration: 0.1ms | Allocations: 9)
Completed 200 OK in 1ms (Views: 0.8ms | Allocations: 545)


